2026-03-03 16:40:32,631 - INFO - Starting IFC parsing: test_trimble/Structure_v1.Ifc
2026-03-03 16:40:32,631 - INFO - Opening IFC file...
2026-03-03 16:40:32,651 - INFO - Loaded IFC: 719 elements
2026-03-03 16:40:32,651 - INFO - Pre-classifying geometry types...
2026-03-03 16:40:32,665 - INFO - [PRE-CLASSIFY] 350 parametric, 28 non-parametric
2026-03-03 16:40:32,665 - INFO - Step 1/5: Tessellating 28 non-parametric elements (OBJ)...
2026-03-03 16:40:32,702 - INFO - [UNITS] Length unit scale: 0.001 (to meters)
2026-03-03 16:40:32,704 - INFO - [COLOR_INDEX] IfcStyledItem found: 70 item mappings
2026-03-03 16:40:32,704 - INFO - [COLOR_INDEX] IfcIndexedColourMap found: 0 color maps (IFC4 feature)
2026-03-03 16:40:32,704 - INFO - [GEOM] Built color indexes: 70 styled items
2026-03-03 16:40:32,739 - INFO - [GEOM] Complete: 28 elements with geometry, 0 without, 0 errors
2026-03-03 16:40:32,739 - INFO - Mesh: 28 OBJ files written
2026-03-03 16:40:32,739 - INFO - Step 2/5: Extracting parametric geometry (instanced)...
2026-03-03 16:40:32,793 - INFO - [PARAMETRIC] Processing element 500/719...
2026-03-03 16:40:32,802 - INFO - [PARAMETRIC] Complete: 378 elements, 350 parametric (68 unique definitions), 28 non-parametric, 0 errors
2026-03-03 16:40:32,808 - INFO - Parametric: 68 definitions, 378 instances (350 parametric)
2026-03-03 16:40:32,808 - INFO - Step 3/5: Extracting attributes...
2026-03-03 16:40:33,009 - INFO - Step 4/5: Extracting relationships...
2026-03-03 16:40:33,026 - INFO - [RELATIONSHIPS] Total: 1047 relationships extracted
2026-03-03 16:40:33,036 - INFO - Step 5/5: Writing metadata...
2026-03-03 16:40:33,036 - INFO - Cleaning up...
